This is pdfTeX, Version 3.1415926-2.4-1.40.13 (MiKTeX 2.9 64-bit) (preloaded format=pdflatex 2013.3.21)  1 JAN 2016 17:28
entering extended mode
**Main_v5_drz_1214_simulation*and*add*vq.tex

("C:\Users\rzaretzk\Documents\GitHub\JZhuDiss\Main_v5_drz_1214_simulation and a
dd vq.tex"
LaTeX2e <2011/06/27>
Babel <v3.8m> and hyphenation patterns for english, afrikaans, ancientgreek, ar
abic, armenian, assamese, basque, bengali, bokmal, bulgarian, catalan, coptic, 
croatian, czech, danish, dutch, esperanto, estonian, farsi, finnish, french, ga
lician, german, german-x-2012-05-30, greek, gujarati, hindi, hungarian, iceland
ic, indonesian, interlingua, irish, italian, kannada, kurmanji, latin, latvian,
 lithuanian, malayalam, marathi, mongolian, mongolianlmc, monogreek, ngerman, n
german-x-2012-05-30, nynorsk, oriya, panjabi, pinyin, polish, portuguese, roman
ian, russian, sanskrit, serbian, slovak, slovenian, spanish, swedish, swissgerm
an, tamil, telugu, turkish, turkmen, ukenglish, ukrainian, uppersorbian, usengl
ishmax, welsh, loaded.
("C:\Program Files\MiKTeX 2.9\tex\latex\base\article.cls"
Document Class: article 2007/10/19 v1.4h Standard LaTeX document class
("C:\Program Files\MiKTeX 2.9\tex\latex\base\size12.clo"
File: size12.clo 2007/10/19 v1.4h Standard LaTeX file (size option)
)
\c@part=\count79
\c@section=\count80
\c@subsection=\count81
\c@subsubsection=\count82
\c@paragraph=\count83
\c@subparagraph=\count84
\c@figure=\count85
\c@table=\count86
\abovecaptionskip=\skip41
\belowcaptionskip=\skip42
\bibindent=\dimen102
)
("C:\Program Files\MiKTeX 2.9\tex\latex\amsmath\amsmath.sty"
Package: amsmath 2013/01/14 v2.14 AMS math features
\@mathmargin=\skip43

For additional information on amsmath, use the `?' option.
("C:\Program Files\MiKTeX 2.9\tex\latex\amsmath\amstext.sty"
Package: amstext 2000/06/29 v2.01

("C:\Program Files\MiKTeX 2.9\tex\latex\amsmath\amsgen.sty"
File: amsgen.sty 1999/11/30 v2.0
\@emptytoks=\toks14
\ex@=\dimen103
))
("C:\Program Files\MiKTeX 2.9\tex\latex\amsmath\amsbsy.sty"
Package: amsbsy 1999/11/29 v1.2d
\pmbraise@=\dimen104
)
("C:\Program Files\MiKTeX 2.9\tex\latex\amsmath\amsopn.sty"
Package: amsopn 1999/12/14 v2.01 operator names
)
\inf@bad=\count87
LaTeX Info: Redefining \frac on input line 210.
\uproot@=\count88
\leftroot@=\count89
LaTeX Info: Redefining \overline on input line 306.
\classnum@=\count90
\DOTSCASE@=\count91
LaTeX Info: Redefining \ldots on input line 378.
LaTeX Info: Redefining \dots on input line 381.
LaTeX Info: Redefining \cdots on input line 466.
\Mathstrutbox@=\box26
\strutbox@=\box27
\big@size=\dimen105
LaTeX Font Info:    Redeclaring font encoding OML on input line 566.
LaTeX Font Info:    Redeclaring font encoding OMS on input line 567.
\macc@depth=\count92
\c@MaxMatrixCols=\count93
\dotsspace@=\muskip10
\c@parentequation=\count94
\dspbrk@lvl=\count95
\tag@help=\toks15
\row@=\count96
\column@=\count97
\maxfields@=\count98
\andhelp@=\toks16
\eqnshift@=\dimen106
\alignsep@=\dimen107
\tagshift@=\dimen108
\tagwidth@=\dimen109
\totwidth@=\dimen110
\lineht@=\dimen111
\@envbody=\toks17
\multlinegap=\skip44
\multlinetaggap=\skip45
\mathdisplay@stack=\toks18
LaTeX Info: Redefining \[ on input line 2665.
LaTeX Info: Redefining \] on input line 2666.
)
("C:\Program Files\MiKTeX 2.9\tex\latex\amsfonts\amssymb.sty"
Package: amssymb 2013/01/14 v3.01 AMS font symbols

("C:\Program Files\MiKTeX 2.9\tex\latex\amsfonts\amsfonts.sty"
Package: amsfonts 2013/01/14 v3.01 Basic AMSFonts support
\symAMSa=\mathgroup4
\symAMSb=\mathgroup5
LaTeX Font Info:    Overwriting math alphabet `\mathfrak' in version `bold'
(Font)                  U/euf/m/n --> U/euf/b/n on input line 106.
))
("C:\Program Files\MiKTeX 2.9\tex\latex\natbib\natbib.sty"
Package: natbib 2010/09/13 8.31b (PWD, AO)
\bibhang=\skip46
\bibsep=\skip47
LaTeX Info: Redefining \cite on input line 694.
\c@NAT@ctr=\count99
)
("C:\Program Files\MiKTeX 2.9\tex\latex\geometry\geometry.sty"
Package: geometry 2010/09/12 v5.6 Page Geometry

("C:\Program Files\MiKTeX 2.9\tex\latex\graphics\keyval.sty"
Package: keyval 1999/03/16 v1.13 key=value parser (DPC)
\KV@toks@=\toks19
)
("C:\Program Files\MiKTeX 2.9\tex\generic\oberdiek\ifpdf.sty"
Package: ifpdf 2011/01/30 v2.3 Provides the ifpdf switch (HO)
Package ifpdf Info: pdfTeX in PDF mode is detected.
)
("C:\Program Files\MiKTeX 2.9\tex\generic\oberdiek\ifvtex.sty"
Package: ifvtex 2010/03/01 v1.5 Detect VTeX and its facilities (HO)
Package ifvtex Info: VTeX not detected.
)
("C:\Program Files\MiKTeX 2.9\tex\generic\ifxetex\ifxetex.sty"
Package: ifxetex 2010/09/12 v0.6 Provides ifxetex conditional
)
\Gm@cnth=\count100
\Gm@cntv=\count101
\c@Gm@tempcnt=\count102
\Gm@bindingoffset=\dimen112
\Gm@wd@mp=\dimen113
\Gm@odd@mp=\dimen114
\Gm@even@mp=\dimen115
\Gm@layoutwidth=\dimen116
\Gm@layoutheight=\dimen117
\Gm@layouthoffset=\dimen118
\Gm@layoutvoffset=\dimen119
\Gm@dimlist=\toks20

("C:\Program Files\MiKTeX 2.9\tex\latex\geometry\geometry.cfg"))
("C:\Program Files\MiKTeX 2.9\tex\latex\graphics\graphicx.sty"
Package: graphicx 1999/02/16 v1.0f Enhanced LaTeX Graphics (DPC,SPQR)

("C:\Program Files\MiKTeX 2.9\tex\latex\graphics\graphics.sty"
Package: graphics 2009/02/05 v1.0o Standard LaTeX Graphics (DPC,SPQR)

("C:\Program Files\MiKTeX 2.9\tex\latex\graphics\trig.sty"
Package: trig 1999/03/16 v1.09 sin cos tan (DPC)
)
("C:\Program Files\MiKTeX 2.9\tex\latex\00miktex\graphics.cfg"
File: graphics.cfg 2007/01/18 v1.5 graphics configuration of teTeX/TeXLive
)
Package graphics Info: Driver file: pdftex.def on input line 91.

("C:\Program Files\MiKTeX 2.9\tex\latex\pdftex-def\pdftex.def"
File: pdftex.def 2011/05/27 v0.06d Graphics/color for pdfTeX

("C:\Program Files\MiKTeX 2.9\tex\generic\oberdiek\infwarerr.sty"
Package: infwarerr 2010/04/08 v1.3 Providing info/warning/error messages (HO)
)
("C:\Program Files\MiKTeX 2.9\tex\generic\oberdiek\ltxcmds.sty"
Package: ltxcmds 2011/11/09 v1.22 LaTeX kernel commands for general use (HO)
)
\Gread@gobject=\count103
))
\Gin@req@height=\dimen120
\Gin@req@width=\dimen121
)
("C:\Program Files\MiKTeX 2.9\tex\latex\nomencl\nomencl.sty"
Package: nomencl 2005/09/22 v4.2 Nomenclature package (LN)
\nomlabelwidth=\dimen122
\nom@tempdim=\dimen123
\nomitemsep=\skip48
)
("C:\Program Files\MiKTeX 2.9\tex\latex\float\float.sty"
Package: float 2001/11/08 v1.3d Float enhancements (AL)
\c@float@type=\count104
\float@exts=\toks21
\float@box=\box28
\@float@everytoks=\toks22
\@floatcapt=\box29
)
("C:\Program Files\MiKTeX 2.9\tex\latex\fancyhdr\fancyhdr.sty"
\fancy@headwidth=\skip49
\f@ncyO@elh=\skip50
\f@ncyO@erh=\skip51
\f@ncyO@olh=\skip52
\f@ncyO@orh=\skip53
\f@ncyO@elf=\skip54
\f@ncyO@erf=\skip55
\f@ncyO@olf=\skip56
\f@ncyO@orf=\skip57
)
("C:\Program Files\MiKTeX 2.9\tex\latex\ltxmisc\url.sty"
\Urlmuskip=\muskip11
Package: url 2006/04/12  ver 3.3  Verb mode for urls, etc.
)
("C:\Program Files\MiKTeX 2.9\tex\latex\srcltx\srcltx.sty"
Package: srcltx 2006/11/12 v1.6 Source specials for inverse search in DVI files


("C:\Program Files\MiKTeX 2.9\tex\latex\base\ifthen.sty"
Package: ifthen 2001/05/26 v1.1c Standard LaTeX ifthen package (DPC)
)
\src@lastline=\count105
\src@new@everypar=\toks23
\src@new@output=\toks24
)
("C:\Program Files\MiKTeX 2.9\tex\latex\ltxmisc\relsize.sty"
Package: relsize 2003/07/04 ver 3.1
)
("C:\Program Files\MiKTeX 2.9\tex\latex\booktabs\booktabs.sty"
Package: booktabs 2005/04/14 v1.61803 publication quality tables
\heavyrulewidth=\dimen124
\lightrulewidth=\dimen125
\cmidrulewidth=\dimen126
\belowrulesep=\dimen127
\belowbottomsep=\dimen128
\aboverulesep=\dimen129
\abovetopsep=\dimen130
\cmidrulesep=\dimen131
\cmidrulekern=\dimen132
\defaultaddspace=\dimen133
\@cmidla=\count106
\@cmidlb=\count107
\@aboverulesep=\dimen134
\@belowrulesep=\dimen135
\@thisruleclass=\count108
\@lastruleclass=\count109
\@thisrulewidth=\dimen136
)
("C:\Program Files\MiKTeX 2.9\tex\latex\caption\caption.sty"
Package: caption 2013/05/02 v3.3-89 Customizing captions (AR)

("C:\Program Files\MiKTeX 2.9\tex\latex\caption\caption3.sty"
Package: caption3 2013/05/02 v1.6-88 caption3 kernel (AR)
Package caption3 Info: TeX engine: e-TeX on input line 57.
\captionmargin=\dimen137
\captionmargin@=\dimen138
\captionwidth=\dimen139
\caption@tempdima=\dimen140
\caption@indent=\dimen141
\caption@parindent=\dimen142
\caption@hangindent=\dimen143
)

Package caption Warning: Configuration file caption.cfg not found on input line
 293.
See the caption package documentation for explanation.

\c@ContinuedFloat=\count110
Package caption Info: float package is loaded.
) ("C:\Program Files\MiKTeX 2.9\tex\latex\subfig\subfig.sty"
Package: subfig 2005/06/28 ver: 1.3 subfig package
\c@KVtest=\count111
\sf@farskip=\skip58
\sf@captopadj=\dimen144
\sf@capskip=\skip59
\sf@nearskip=\skip60


Package subfig Warning: Configuration file subfig.cfg not found on input line 2
97.

\c@subfigure=\count112
\c@subfigure@save=\count113
\c@lofdepth=\count114
\c@subtable=\count115
\c@subtable@save=\count116
\c@lotdepth=\count117
\sf@top=\skip61
\sf@bottom=\skip62
) ("C:\Program Files\MiKTeX 2.9\tex\latex\jknappen\mathrsfs.sty"
Package: mathrsfs 1996/01/01 Math RSFS package v1.0 (jk)
\symrsfs=\mathgroup6
)
("C:\Program Files\MiKTeX 2.9\tex\latex\threeparttable\threeparttable.sty"
Package: threeparttable 2003/06/13  v 3.0
\@tempboxb=\box30
)
("C:\Program Files\MiKTeX 2.9\tex\latex\tools\array.sty"
Package: array 2008/09/09 v2.4c Tabular extension package (FMi)
\col@sep=\dimen145
\extrarowheight=\dimen146
\NC@list=\toks25
\extratabsurround=\skip63
\backup@length=\skip64
)
("C:\Program Files\MiKTeX 2.9\tex\latex\multirow\multirow.sty"
\bigstrutjot=\dimen147
)
("C:\Program Files\MiKTeX 2.9\tex\latex\listings\listings.sty"
\lst@mode=\count118
\lst@gtempboxa=\box31
\lst@token=\toks26
\lst@length=\count119
\lst@currlwidth=\dimen148
\lst@column=\count120
\lst@pos=\count121
\lst@lostspace=\dimen149
\lst@width=\dimen150
\lst@newlines=\count122
\lst@lineno=\count123
\lst@maxwidth=\dimen151

("C:\Program Files\MiKTeX 2.9\tex\latex\listings\lstmisc.sty"
File: lstmisc.sty 2014/03/04 1.5c (Carsten Heinz)
\c@lstnumber=\count124
\lst@skipnumbers=\count125
\lst@framebox=\box32
)
("C:\Program Files\MiKTeX 2.9\tex\latex\listings\listings.cfg"
File: listings.cfg 2014/03/04 1.5c listings configuration
))
Package: listings 2014/03/04 1.5c (Carsten Heinz)

("C:\Program Files\MiKTeX 2.9\tex\latex\graphics\color.sty"
Package: color 2005/11/14 v1.0j Standard LaTeX Color (DPC)

("C:\Program Files\MiKTeX 2.9\tex\latex\00miktex\color.cfg"
File: color.cfg 2007/01/18 v1.5 color configuration of teTeX/TeXLive
)
Package color Info: Driver file: pdftex.def on input line 130.
)
("C:\Program Files\MiKTeX 2.9\tex\latex\oberdiek\pdflscape.sty"
Package: pdflscape 2008/08/11 v0.10 Display of landscape pages in PDF (HO)

("C:\Program Files\MiKTeX 2.9\tex\latex\graphics\lscape.sty"
Package: lscape 2000/10/22 v3.01 Landscape Pages (DPC)
)
Package pdflscape Info: Auto-detected driver: pdftex on input line 80.
)
("C:\Program Files\MiKTeX 2.9\tex\latex\arydshln\arydshln.sty"
Package: arydshln 2004/08/31 v1.71 
\dashlinedash=\dimen152
\dashlinegap=\dimen153
\adl@box=\box33
\adl@height=\dimen154
\adl@heightsave=\dimen155
\adl@depth=\dimen156
\adl@depthsave=\dimen157
\adl@finaldepth=\dimen158
\adl@columns=\count126
\adl@ncol=\count127
\adl@currentcolumn=\count128
\adl@currentcolumnsave=\count129
\adl@totalheight=\count130
\adl@totalheightsave=\count131
\adl@dash=\count132
\adl@gap=\count133
\adl@cla=\count134
\adl@clb=\count135
\adl@everyvbox=\toks27
\adl@LTpagetotal=\dimen159
)
("C:\Users\rzaretzk\Documents\GitHub\JZhuDiss\Main_v5_drz_1214_simulation and a
dd vq.aux"

LaTeX Warning: Label `eq:strata' multiply defined.


LaTeX Warning: Label `tab:descriptive' multiply defined.


LaTeX Warning: Label `tab:descrip2' multiply defined.


LaTeX Warning: Label `tab:modelstats' multiply defined.


LaTeX Warning: Label `fig:age' multiply defined.


LaTeX Warning: Label `sub@fig:age' multiply defined.


LaTeX Warning: Label `fig:point' multiply defined.


LaTeX Warning: Label `sub@fig:point' multiply defined.


LaTeX Warning: Label `fig:hist' multiply defined.

)
LaTeX Font Info:    Checking defaults for OML/cmm/m/it on input line 39.
LaTeX Font Info:    ... okay on input line 39.
LaTeX Font Info:    Checking defaults for T1/cmr/m/n on input line 39.
LaTeX Font Info:    ... okay on input line 39.
LaTeX Font Info:    Checking defaults for OT1/cmr/m/n on input line 39.
LaTeX Font Info:    ... okay on input line 39.
LaTeX Font Info:    Checking defaults for OMS/cmsy/m/n on input line 39.
LaTeX Font Info:    ... okay on input line 39.
LaTeX Font Info:    Checking defaults for OMX/cmex/m/n on input line 39.
LaTeX Font Info:    ... okay on input line 39.
LaTeX Font Info:    Checking defaults for U/cmr/m/n on input line 39.
LaTeX Font Info:    ... okay on input line 39.

*geometry* driver: auto-detecting
*geometry* detected driver: pdftex
*geometry* verbose mode - [ preamble ] result:
* driver: pdftex
* paper: letterpaper
* layout: <same size as paper>
* layoutoffset:(h,v)=(0.0pt,0.0pt)
* modes: 
* h-part:(L,W,R)=(72.26999pt, 469.75502pt, 72.26999pt)
* v-part:(T,H,B)=(72.26999pt, 650.43001pt, 72.26999pt)
* \paperwidth=614.295pt
* \paperheight=794.96999pt
* \textwidth=469.75502pt
* \textheight=650.43001pt
* \oddsidemargin=0.0pt
* \evensidemargin=0.0pt
* \topmargin=-37.0pt
* \headheight=12.0pt
* \headsep=25.0pt
* \topskip=12.0pt
* \footskip=30.0pt
* \marginparwidth=44.0pt
* \marginparsep=10.0pt
* \columnsep=10.0pt
* \skip\footins=10.8pt plus 4.0pt minus 2.0pt
* \hoffset=0.0pt
* \voffset=0.0pt
* \mag=1000
* \@twocolumnfalse
* \@twosidefalse
* \@mparswitchfalse
* \@reversemarginfalse
* (1in=72.27pt=25.4mm, 1cm=28.453pt)

("C:\Program Files\MiKTeX 2.9\tex\context\base\supp-pdf.mkii"
[Loading MPS to PDF converter (version 2006.09.02).]
\scratchcounter=\count136
\scratchdimen=\dimen160
\scratchbox=\box34
\nofMPsegments=\count137
\nofMParguments=\count138
\everyMPshowfont=\toks28
\MPscratchCnt=\count139
\MPscratchDim=\dimen161
\MPnumerator=\count140
\makeMPintoPDFobject=\count141
\everyMPtoPDFconversion=\toks29
)
Package caption Info: Begin \AtBeginDocument code.
Package caption Info: subfig package v1.3 is loaded.
Package caption Info: listings package is loaded.
Package caption Info: threeparttable package is loaded.
Package caption Info: End \AtBeginDocument code.
\c@lstlisting=\count142
LaTeX Font Info:    Try loading font information for U+msa on input line 41.
 ("C:\Program Files\MiKTeX 2.9\tex\latex\amsfonts\umsa.fd"
File: umsa.fd 2013/01/14 v3.01 AMS symbols A
)
LaTeX Font Info:    Try loading font information for U+msb on input line 41.

("C:\Program Files\MiKTeX 2.9\tex\latex\amsfonts\umsb.fd"
File: umsb.fd 2013/01/14 v3.01 AMS symbols B
)
LaTeX Font Info:    Try loading font information for U+rsfs on input line 41.

("C:\Program Files\MiKTeX 2.9\tex\latex\jknappen\ursfs.fd"
File: ursfs.fd 1998/03/24 rsfs font definition file (jk)
) [1

{C:/ProgramData/MiKTeX/2.9/pdftex/config/pdftex.map}] [2] [3] [4]
Overfull \hbox (0.29991pt too wide) in paragraph at lines 125--126
[]\OT1/cmr/m/n/12 A num-ber of static em-ployee at-tributes are pro-vided in-cl
ud-ing pay-roll type(hourly, weekly,
 []

LaTeX Font Info:    Try loading font information for OMS+cmr on input line 135.

("C:\Program Files\MiKTeX 2.9\tex\latex\base\omscmr.fd"
File: omscmr.fd 1999/05/25 v2.5h Standard LaTeX font definitions
)
LaTeX Font Info:    Font shape `OMS/cmr/m/n' in size <12> not available
(Font)              Font shape `OMS/cmsy/m/n' tried instead on input line 135.
 [5] [6]
<figure/fig1.png, id=28, 338.7054pt x 178.266pt>
File: figure/fig1.png Graphic file (type png)
 <use figure/fig1.png>
Package pdftex.def Info: figure/fig1.png used on input line 180.
(pdftex.def)             Requested size: 252.94499pt x 133.12793pt.
 [7 <C:/Users/rzaretzk/Documents/GitHub/JZhuDiss/figure/fig1.png>]

Package natbib Warning: Citation `kleinMosch2006' on page 8 undefined on input 
line 216.

[8] [9] [10]
Missing character: There is no â in font cmr12!
Missing character: There is no € in font cmr12!
Missing character: There is no ™ in font cmr12!
Missing character: There is no â in font cmr12!
Missing character: There is no € in font cmr12!
Missing character: There is no ™ in font cmr12!
 [11]
Overfull \hbox (13.09708pt too wide) in paragraph at lines 327--329
\OT1/cmr/m/n/12 where, $\OML/cmm/m/it/12 T[]$ \OT1/cmr/m/n/12 is sur-vival time
 of the $\OML/cmm/m/it/12 k[]$ \OT1/cmr/m/n/12 in-di-vid-ual , $\OML/cmm/m/it/1
2 t[]$ \OT1/cmr/m/n/12 is a spe-cific time value, $\OML/cmm/m/it/12 S[]\OT1/cmr
/m/n/12 (\OML/cmm/m/it/12 t\OT1/cmr/m/n/12 ) = [][]$
 []


Package natbib Warning: Citation `Simonoff2002' on page 12 undefined on input l
ine 343.

[12]

LaTeX Warning: Reference `bias' on page 13 undefined on input line 367.


Package natbib Warning: Citation `Harrell2002' on page 13 undefined on input li
ne 367.


Overfull \hbox (2.44257pt too wide) in paragraph at lines 373--374
[]\OT1/cmr/m/n/12 The base-line haz-ard for Weibull dis-tri-bu-tion with shape 
$\OML/cmm/m/it/12 $ \OT1/cmr/m/n/12 and scale $\OML/cmm/m/it/12 $ \OT1/cmr/m/
n/12 is $\OML/cmm/m/it/12 h[]\OT1/cmr/m/n/12 (\OML/cmm/m/it/12 t\OT1/cmr/m/n/12
 ) = \OML/cmm/m/it/12 \OT1/cmr/m/n/12 (\OML/cmm/m/it/12 \OT1/cmr/m/n/12 )[]\O
ML/cmm/m/it/12 t[]$\OT1/cmr/m/n/12 .
 []


Package natbib Warning: Citation `eha' on page 13 undefined on input line 411.

[13] [14]

Package caption Warning: \label without proper \caption on input line 583.
See the caption package documentation for explanation.


LaTeX Warning: Reference `fig:rightdiff' on page 15 undefined on input line 436
.


Package natbib Warning: Citation `DavHink1997' on page 15 undefined on input li
ne 436.


Package natbib Warning: Citation `Burr1994' on page 15 undefined on input line 
436.

[15] <figure/truncationhist.png, id=68, 501.875pt x 301.125pt>
File: figure/truncationhist.png Graphic file (type png)

<use figure/truncationhist.png>
Package pdftex.def Info: figure/truncationhist.png used on input line 447.
(pdftex.def)             Requested size: 252.94499pt x 151.77055pt.


Package natbib Warning: Citation `eha' on page 16 undefined on input line 454.


LaTeX Warning: Reference `Coles2001' on page 16 undefined on input line 454.

[16 <C:/Users/rzaretzk/Documents/GitHub/JZhuDiss/figure/truncationhist.png>]

Package caption Warning: \label without proper \caption on input line 583.
See the caption package documentation for explanation.


LaTeX Warning: Reference `fig:rightdiff' on page 17 undefined on input line 465
.


Overfull \hbox (11.82726pt too wide) in paragraph at lines 555--555
\OT1/cmr/m/n/12 proportion|  
 []

<figure/base0.png, id=73, 555.07375pt x 555.07375pt>
File: figure/base0.png Graphic file (type png)
 <use figure/base0.png>
Package pdftex.def Info: figure/base0.png used on input line 570.
(pdftex.def)             Requested size: 216.81pt x 216.8082pt.

<figure/base25.png, id=74, 555.07375pt x 555.07375pt>
File: figure/base25.png Graphic file (type png)
 <use figure/base25.png>
Package pdftex.def Info: figure/base25.png used on input line 572.
(pdftex.def)             Requested size: 216.81pt x 216.8082pt.

<figure/base50.png, id=75, 555.07375pt x 555.07375pt>
File: figure/base50.png Graphic file (type png)
 <use figure/base50.png>
Package pdftex.def Info: figure/base50.png used on input line 574.
(pdftex.def)             Requested size: 216.81pt x 216.8082pt.

<figure/base75.png, id=76, 555.07375pt x 555.07375pt>
File: figure/base75.png Graphic file (type png)
 <use figure/base75.png>
Package pdftex.def Info: figure/base75.png used on input line 576.
(pdftex.def)             Requested size: 216.81pt x 216.8082pt.


LaTeX Warning: `!h' float specifier changed to `!ht'.

<figure/Baseline_rightcensor.png, id=77, 861.2175pt x 555.07375pt>
File: figure/Baseline_rightcensor.png Graphic file (type png)

<use figure/Baseline_rightcensor.png>
Package pdftex.def Info: figure/Baseline_rightcensor.png used on input line 583
.
(pdftex.def)             Requested size: 289.07999pt x 186.31717pt.


LaTeX Warning: `!h' float specifier changed to `!ht'.

<figure/EV0.png, id=78, 555.07375pt x 555.07375pt>
File: figure/EV0.png Graphic file (type png)
 <use figure/EV0.png>
Package pdftex.def Info: figure/EV0.png used on input line 606.
(pdftex.def)             Requested size: 216.81pt x 216.8082pt.

<figure/EV25.png, id=79, 555.07375pt x 555.07375pt>
File: figure/EV25.png Graphic file (type png)
 <use figure/EV25.png>
Package pdftex.def Info: figure/EV25.png used on input line 608.
(pdftex.def)             Requested size: 216.81pt x 216.8082pt.

<figure/EV50.png, id=80, 555.07375pt x 555.07375pt>
File: figure/EV50.png Graphic file (type png)
 <use figure/EV50.png>
Package pdftex.def Info: figure/EV50.png used on input line 610.
(pdftex.def)             Requested size: 216.81pt x 216.8082pt.

<figure/EV75.png, id=81, 555.07375pt x 555.07375pt>
File: figure/EV75.png Graphic file (type png)
 <use figure/EV75.png>
Package pdftex.def Info: figure/EV75.png used on input line 612.
(pdftex.def)             Requested size: 216.81pt x 216.8082pt.


LaTeX Warning: `!h' float specifier changed to `!ht'.

<figure/Predev0.png, id=82, 652.4375pt x 555.07375pt>
File: figure/Predev0.png Graphic file (type png)
 <use figure/Predev0.png>
Package pdftex.def Info: figure/Predev0.png used on input line 619.
(pdftex.def)             Requested size: 216.81pt x 184.45383pt.

<figure/Predev25.png, id=83, 652.4375pt x 555.07375pt>
File: figure/Predev25.png Graphic file (type png)

<use figure/Predev25.png>
Package pdftex.def Info: figure/Predev25.png used on input line 621.
(pdftex.def)             Requested size: 216.81pt x 184.45383pt.

<figure/Predev50.png, id=84, 652.4375pt x 555.07375pt>
File: figure/Predev50.png Graphic file (type png)

<use figure/Predev50.png>
Package pdftex.def Info: figure/Predev50.png used on input line 623.
(pdftex.def)             Requested size: 216.81pt x 184.45383pt.

<figure/Predev75.png, id=85, 652.4375pt x 555.07375pt>
File: figure/Predev75.png Graphic file (type png)

<use figure/Predev75.png>
Package pdftex.def Info: figure/Predev75.png used on input line 625.
(pdftex.def)             Requested size: 216.81pt x 184.45383pt.


LaTeX Warning: `!h' float specifier changed to `!ht'.

<figure/Agetdhist.png, id=86, 501.875pt x 301.125pt>
File: figure/Agetdhist.png Graphic file (type png)

<use figure/Agetdhist.png>
Package pdftex.def Info: figure/Agetdhist.png used on input line 687.
(pdftex.def)             Requested size: 234.8775pt x 140.92683pt.

<figure/pointdhist.png, id=87, 501.875pt x 301.125pt>
File: figure/pointdhist.png Graphic file (type png)

<use figure/pointdhist.png>
Package pdftex.def Info: figure/pointdhist.png used on input line 688.
(pdftex.def)             Requested size: 234.8775pt x 140.92683pt.


LaTeX Warning: `!h' float specifier changed to `!ht'.


Overfull \hbox (12.22722pt too wide) in paragraph at lines 704--722
 [][][] 
 []

File: figure/Agetdhist.png Graphic file (type png)
<use figure/Agetdhist.png>
Package pdftex.def Info: figure/Agetdhist.png used on input line 927.
(pdftex.def)             Requested size: 234.8775pt x 140.92683pt.
File: figure/pointdhist.png Graphic file (type png)
 <use figure/pointdhist.png>
Package pdftex.def Info: figure/pointdhist.png used on input line 928.
(pdftex.def)             Requested size: 234.8775pt x 140.92683pt.


LaTeX Warning: `!h' float specifier changed to `!ht'.


Overfull \hbox (12.22722pt too wide) in paragraph at lines 944--962
 [][][] 
 []

[17] [18] [19] [20] [21] [22 <C:/Users/rzaretzk/Documents/GitHub/JZhuDiss/figur
e/base0.png> <C:/Users/rzaretzk/Documents/GitHub/JZhuDiss/figure/base25.png> <C
:/Users/rzaretzk/Documents/GitHub/JZhuDiss/figure/base50.png> <C:/Users/rzaretz
k/Documents/GitHub/JZhuDiss/figure/base75.png>] [23 <C:/Users/rzaretzk/Document
s/GitHub/JZhuDiss/figure/Baseline_rightcensor.png>] [24 <C:/Users/rzaretzk/Docu
ments/GitHub/JZhuDiss/figure/EV0.png> <C:/Users/rzaretzk/Documents/GitHub/JZhuD
iss/figure/EV25.png> <C:/Users/rzaretzk/Documents/GitHub/JZhuDiss/figure/EV50.p
ng> <C:/Users/rzaretzk/Documents/GitHub/JZhuDiss/figure/EV75.png>]

LaTeX Warning: Text page 25 contains only floats.


Overfull \vbox (3.40445pt too high) has occurred while \output is active []


[25 <C:/Users/rzaretzk/Documents/GitHub/JZhuDiss/figure/Predev0.png> <C:/Users/
rzaretzk/Documents/GitHub/JZhuDiss/figure/Predev25.png> <C:/Users/rzaretzk/Docu
ments/GitHub/JZhuDiss/figure/Predev50.png> <C:/Users/rzaretzk/Documents/GitHub/
JZhuDiss/figure/Predev75.png> <C:/Users/rzaretzk/Documents/GitHub/JZhuDiss/figu
re/Agetdhist.png> <C:/Users/rzaretzk/Documents/GitHub/JZhuDiss/figure/pointdhis
t.png>] [26] <figure/reratio.png, id=136, 501.875pt x 301.125pt>
File: figure/reratio.png Graphic file (type png)

<use figure/reratio.png>
Package pdftex.def Info: figure/reratio.png used on input line 1002.
(pdftex.def)             Requested size: 234.8775pt x 140.92683pt.
 <figure/nopolicy.png, id=137, 501.875pt x 301.125pt>
File: figure/nopolicy.png Graphic file (type png)

<use figure/nopolicy.png>
Package pdftex.def Info: figure/nopolicy.png used on input line 1003.
(pdftex.def)             Requested size: 234.8775pt x 140.92683pt.
 [27 <C:/Users/rzaretzk/Documents/GitHub/JZhuDiss/figure/reratio.png> <C:/Users
/rzaretzk/Documents/GitHub/JZhuDiss/figure/nopolicy.png>]

LaTeX Warning: Reference `fig:real' on page 28 undefined on input line 1027.

[28] [29] <figure/Surv.png, id=150, 401.5pt x 351.3125pt>
File: figure/Surv.png Graphic file (type png)

<use figure/Surv.png>
Package pdftex.def Info: figure/Surv.png used on input line 1076.
(pdftex.def)             Requested size: 234.8775pt x 205.52501pt.
 <figure/logcum.png, id=151, 401.5pt x 351.3125pt>
File: figure/logcum.png Graphic file (type png)

<use figure/logcum.png>
Package pdftex.def Info: figure/logcum.png used on input line 1077.
(pdftex.def)             Requested size: 234.8775pt x 205.52501pt.
 [30]
<figure/retire2.png, id=155, 635.37375pt x 318.18875pt>
File: figure/retire2.png Graphic file (type png)

<use figure/retire2.png>
Package pdftex.def Info: figure/retire2.png used on input line 1125.
(pdftex.def)             Requested size: 361.34999pt x 180.96648pt.

Overfull \hbox (21.47916pt too wide) in paragraph at lines 1137--1175
 [] 
 []


LaTeX Warning: `!h' float specifier changed to `!ht'.


Overfull \hbox (29.83363pt too wide) in paragraph at lines 1184--1222
 [] 
 []


LaTeX Warning: `!h' float specifier changed to `!ht'.

<figure/MHP.png, id=156, 864.22874pt x 501.875pt>
File: figure/MHP.png Graphic file (type png)
 <use figure/MHP.png>
Package pdftex.def Info: figure/MHP.png used on input line 1269.
(pdftex.def)             Requested size: 234.8775pt x 136.39638pt.

<figure/realearnings.png, id=157, 864.22874pt x 501.875pt>
File: figure/realearnings.png Graphic file (type png)

<use figure/realearnings.png>
Package pdftex.def Info: figure/realearnings.png used on input line 1270.
(pdftex.def)             Requested size: 234.8775pt x 136.39638pt.


LaTeX Warning: `!h' float specifier changed to `!ht'.

<figure/vq_age_hist.png, id=158, 501.875pt x 301.125pt>
File: figure/vq_age_hist.png Graphic file (type png)

<use figure/vq_age_hist.png>
Package pdftex.def Info: figure/vq_age_hist.png used on input line 1280.
(pdftex.def)             Requested size: 234.8775pt x 140.92683pt.

<figure/vq_ycs_hist.png, id=160, 501.875pt x 301.125pt>
File: figure/vq_ycs_hist.png Graphic file (type png)

<use figure/vq_ycs_hist.png>
Package pdftex.def Info: figure/vq_ycs_hist.png used on input line 1281.
(pdftex.def)             Requested size: 234.8775pt x 140.92683pt.


LaTeX Warning: `!h' float specifier changed to `!ht'.


Overfull \hbox (42.1274pt too wide) in paragraph at lines 1292--1305
[][][] 
 []

<figure/VQSURV.png, id=161, 401.5pt x 351.3125pt>
File: figure/VQSURV.png Graphic file (type png)
 <use figure/VQSURV.png>
Package pdftex.def Info: figure/VQSURV.png used on input line 1352.
(pdftex.def)             Requested size: 234.8775pt x 205.52501pt.

<figure/VQlogcumhaz.png, id=162, 401.5pt x 351.3125pt>
File: figure/VQlogcumhaz.png Graphic file (type png)

<use figure/VQlogcumhaz.png>
Package pdftex.def Info: figure/VQlogcumhaz.png used on input line 1353.
(pdftex.def)             Requested size: 234.8775pt x 205.52501pt.


LaTeX Warning: `!h' float specifier changed to `!ht'.

<figure/vq.png, id=163, 652.4375pt x 351.3125pt>
File: figure/vq.png Graphic file (type png)
 <use figure/vq.png>
Package pdftex.def Info: figure/vq.png used on input line 1362.
(pdftex.def)             Requested size: 281.85587pt x 151.77438pt.


LaTeX Warning: `!h' float specifier changed to `!ht'.


LaTeX Warning: No positions in optional float specifier.
               Default added (so using `tbp') on input line 1369.

LaTeX Font Info:    Try loading font information for OML+cmr on input line 1378
.
("C:\Program Files\MiKTeX 2.9\tex\latex\base\omlcmr.fd"
File: omlcmr.fd 1999/05/25 v2.5h Standard LaTeX font definitions
)
LaTeX Font Info:    Font shape `OML/cmr/m/n' in size <8> not available
(Font)              Font shape `OML/cmm/m/it' tried instead on input line 1378.


<figure/realdividend.png, id=164, 864.22874pt x 501.875pt>
File: figure/realdividend.png Graphic file (type png)

<use figure/realdividend.png>
Package pdftex.def Info: figure/realdividend.png used on input line 1403.
(pdftex.def)             Requested size: 234.8775pt x 136.39638pt.
 [31 <C:/Users/rzaretzk/Documents/GitHub/JZhuDiss/figure/Surv.png> <C:/Users/rz
aretzk/Documents/GitHub/JZhuDiss/figure/logcum.png> <C:/Users/rzaretzk/Document
s/GitHub/JZhuDiss/figure/retire2.png>] [32]

LaTeX Warning: Text page 33 contains only floats.

[33 <C:/Users/rzaretzk/Documents/GitHub/JZhuDiss/figure/MHP.png> <C:/Users/rzar
etzk/Documents/GitHub/JZhuDiss/figure/realearnings.png>] [34]
:<+ Main_v5_drz_1214_simulation*and*add*vq.bbl

("C:\Users\rzaretzk\Documents\GitHub\JZhuDiss\Main_v5_drz_1214_simulation and a
dd vq.bbl" [35 <C:/Users/rzaretzk/Documents/GitHub/JZhuDiss/figure/vq_age_hist.
png> <C:/Users/rzaretzk/Documents/GitHub/JZhuDiss/figure/vq_ycs_hist.png> <C:/U
sers/rzaretzk/Documents/GitHub/JZhuDiss/figure/VQSURV.png> <C:/Users/rzaretzk/D
ocuments/GitHub/JZhuDiss/figure/VQlogcumhaz.png>]
Underfull \hbox (badness 3148) in paragraph at lines 30--36
\OT1/cmtt/m/n/12 net / twbriggs / survival-[]analysis-[]for-[]predicting-[]empl
oyee-[]turnover$\OT1/cmr/m/n/12 , Novem-ber
 []

[36 <C:/Users/rzaretzk/Documents/GitHub/JZhuDiss/figure/vq.png>]
Underfull \hbox (badness 10000) in paragraph at lines 97--103
\OT1/cmtt/m/n/12 ibm . com / software / analytics / solutions / operational-[]a
nalytics / hr-[]analytics/$\OT1/cmr/m/n/12 ,
 []

Missing character: There is no â in font cmr12!
Missing character: There is no € in font cmr12!
Missing character: There is no ¦ in font cmr12!
[37 <C:/Users/rzaretzk/Documents/GitHub/JZhuDiss/figure/realdividend.png>]
Missing character: There is no â in font cmr12!
Missing character: There is no € in font cmr12!
Missing character: There is no ™ in font cmr12!

[38])
:<-

Package natbib Warning: There were undefined citations.

[39]
("C:\Users\rzaretzk\Documents\GitHub\JZhuDiss\Main_v5_drz_1214_simulation and a
dd vq.aux")

LaTeX Warning: There were undefined references.


LaTeX Warning: There were multiply-defined labels.

 ) 
Here is how much of TeX's memory you used:
 6624 strings out of 493921
 95686 string characters out of 3147273
 227081 words of memory out of 3000000
 9770 multiletter control sequences out of 15000+200000
 16806 words of font info for 68 fonts, out of 3000000 for 9000
 841 hyphenation exceptions out of 8191
 36i,19n,47p,2542b,419s stack positions out of 5000i,500n,10000p,200000b,50000s
<C:/Program Files/MiKTeX 2.9/fonts/type1/public/amsfonts/cm/cmbx10.pfb><C:/Pr
ogram Files/MiKTeX 2.9/fonts/type1/public/amsfonts/cm/cmbx12.pfb><C:/Program Fi
les/MiKTeX 2.9/fonts/type1/public/amsfonts/cm/cmbx8.pfb><C:/Program Files/MiKTe
X 2.9/fonts/type1/public/amsfonts/cm/cmbxti10.pfb><C:/Program Files/MiKTeX 2.9/
fonts/type1/public/amsfonts/cm/cmex10.pfb><C:/Program Files/MiKTeX 2.9/fonts/ty
pe1/public/amsfonts/cmextra/cmex8.pfb><C:/Program Files/MiKTeX 2.9/fonts/type1/
public/amsfonts/cm/cmmi12.pfb><C:/Program Files/MiKTeX 2.9/fonts/type1/public/a
msfonts/cm/cmmi6.pfb><C:/Program Files/MiKTeX 2.9/fonts/type1/public/amsfonts/c
m/cmmi8.pfb><C:/Program Files/MiKTeX 2.9/fonts/type1/public/amsfonts/cm/cmr10.p
fb><C:/Program Files/MiKTeX 2.9/fonts/type1/public/amsfonts/cm/cmr12.pfb><C:/Pr
ogram Files/MiKTeX 2.9/fonts/type1/public/amsfonts/cm/cmr17.pfb><C:/Program Fil
es/MiKTeX 2.9/fonts/type1/public/amsfonts/cm/cmr6.pfb><C:/Program Files/MiKTeX 
2.9/fonts/type1/public/amsfonts/cm/cmr8.pfb><C:/Program Files/MiKTeX 2.9/fonts/
type1/public/amsfonts/cm/cmsy10.pfb><C:/Program Files/MiKTeX 2.9/fonts/type1/pu
blic/amsfonts/cm/cmsy6.pfb><C:/Program Files/MiKTeX 2.9/fonts/type1/public/amsf
onts/cm/cmsy8.pfb><C:/Program Files/MiKTeX 2.9/fonts/type1/public/amsfonts/cm/c
mti12.pfb><C:/Program Files/MiKTeX 2.9/fonts/type1/public/amsfonts/cm/cmtt12.pf
b>
Output written on "Main_v5_drz_1214_simulation and add vq.pdf" (39 pages, 59019
7 bytes).
PDF statistics:
 266 PDF objects out of 1000 (max. 8388607)
 0 named destinations out of 1000 (max. 500000)
 151 words of extra memory for PDF output out of 10000 (max. 10000000)

